{
  "RSpec": {
    "coverage": {
      "/Users/user/Documents/MA/cv/takeaway-app/lib/customer.rb": [
        1,
        null,
        1,
        null,
        1,
        null,
        1,
        null,
        1,
        5,
        5,
        null,
        null,
        1,
        8,
        null,
        null,
        1,
        1,
        1,
        null,
        null,
        1,
        1,
        null,
        null,
        null
      ],
      "/Users/user/Documents/MA/cv/takeaway-app/lib/item_container.rb": [
        1,
        null,
        1,
        31,
        null,
        null,
        1,
        19,
        null,
        null,
        1,
        23,
        null,
        null,
        null
      ],
      "/Users/user/Documents/MA/cv/takeaway-app/lib/dish.rb": [
        1,
        null,
        1,
        1,
        null,
        1,
        3,
        3,
        null,
        null,
        1,
        1,
        null,
        null,
        null
      ],
      "/Users/user/Documents/MA/cv/takeaway-app/lib/menu.rb": [
        1,
        null,
        1,
        null,
        1,
        null,
        null
      ],
      "/Users/user/Documents/MA/cv/takeaway-app/lib/order.rb": [
        1,
        null,
        1,
        null,
        1,
        null,
        1,
        null,
        1,
        6,
        6,
        null,
        null,
        1,
        1,
        null,
        null,
        1,
        8,
        null,
        null,
        1,
        1,
        1,
        1,
        null,
        null,
        1,
        1,
        null,
        null,
        null
      ],
      "/Users/user/Documents/MA/cv/takeaway-app/lib/restaurant.rb": [
        1,
        1,
        null,
        1,
        null,
        1,
        null,
        1,
        null,
        1,
        null,
        1,
        4,
        4,
        null,
        null,
        1,
        6,
        2,
        1,
        null,
        null,
        1,
        1,
        1,
        null,
        null,
        1,
        0,
        null,
        null,
        1,
        0,
        0,
        null,
        null,
        null
      ],
      "/Users/user/Documents/MA/cv/takeaway-app/lib/text_message.rb": [
        1,
        null,
        1,
        null,
        1,
        0,
        0,
        0,
        null,
        null,
        1,
        0,
        0,
        null,
        null,
        null,
        null,
        null,
        null
      ]
    },
    "timestamp": 1409175070
  }
}
